Determining if the function wsyncup exists in the /usr/lib/i386-linux-gnu/libcurses.so passed with the following output:
Change Dir: /home/user/cmake-3.12.2/Source/Checks/Curses-build/CMakeFiles/CMakeTmp

Run Build Command:"/usr/bin/make" "cmTC_d9139/fast"
make -f CMakeFiles/cmTC_d9139.dir/build.make CMakeFiles/cmTC_d9139.dir/build
make[1]: Vstupuje se do adresáře „/home/user/cmake-3.12.2/Source/Checks/Curses-build/CMakeFiles/CMakeTmp“
Building C object CMakeFiles/cmTC_d9139.dir/CheckFunctionExists.c.o
/usr/bin/gcc   -DCHECK_FUNCTION_EXISTS=wsyncup   -o CMakeFiles/cmTC_d9139.dir/CheckFunctionExists.c.o   -c /home/user/cmake-3.12.2/Modules/CheckFunctionExists.c
Linking C executable cmTC_d9139
/home/user/cmake-3.12.2/Bootstrap.cmk/cmake -E cmake_link_script CMakeFiles/cmTC_d9139.dir/link.txt --verbose=1
/usr/bin/gcc  -DCHECK_FUNCTION_EXISTS=wsyncup    -rdynamic CMakeFiles/cmTC_d9139.dir/CheckFunctionExists.c.o  -o cmTC_d9139 -lcurses 
make[1]: Opouští se adresář „/home/user/cmake-3.12.2/Source/Checks/Curses-build/CMakeFiles/CMakeTmp“


Determining if the function cbreak exists in the /usr/lib/i386-linux-gnu/libncurses.so passed with the following output:
Change Dir: /home/user/cmake-3.12.2/Source/Checks/Curses-build/CMakeFiles/CMakeTmp

Run Build Command:"/usr/bin/make" "cmTC_2b608/fast"
make -f CMakeFiles/cmTC_2b608.dir/build.make CMakeFiles/cmTC_2b608.dir/build
make[1]: Vstupuje se do adresáře „/home/user/cmake-3.12.2/Source/Checks/Curses-build/CMakeFiles/CMakeTmp“
Building C object CMakeFiles/cmTC_2b608.dir/CheckFunctionExists.c.o
/usr/bin/gcc   -DCHECK_FUNCTION_EXISTS=cbreak   -o CMakeFiles/cmTC_2b608.dir/CheckFunctionExists.c.o   -c /home/user/cmake-3.12.2/Modules/CheckFunctionExists.c
Linking C executable cmTC_2b608
/home/user/cmake-3.12.2/Bootstrap.cmk/cmake -E cmake_link_script CMakeFiles/cmTC_2b608.dir/link.txt --verbose=1
/usr/bin/gcc  -DCHECK_FUNCTION_EXISTS=cbreak    -rdynamic CMakeFiles/cmTC_2b608.dir/CheckFunctionExists.c.o  -o cmTC_2b608 -lncurses 
make[1]: Opouští se adresář „/home/user/cmake-3.12.2/Source/Checks/Curses-build/CMakeFiles/CMakeTmp“


